<?xml version="1.0" encoding="UTF-8"?>
<testsuite name="main.UserServiceTest" tests="8" skipped="0" failures="0" errors="0" timestamp="2021-07-21T20:33:09" hostname="MacBook351.local" time="0.056">
  <properties/>
  <testcase name="userFollowNobody_thenListOfFollowedIsZero()" classname="main.UserServiceTest" time="0.03"/>
  <testcase name="registerUser_thenNoError()" classname="main.UserServiceTest" time="0.001"/>
  <testcase name="registerEmptyNickname_thenInvalidNickname()" classname="main.UserServiceTest" time="0.021"/>
  <testcase name="userFollowSomebody_thenListOfFollowedIsOne()" classname="main.UserServiceTest" time="0.001"/>
  <testcase name="updateUser_thenUserIsUpdated()" classname="main.UserServiceTest" time="0.001"/>
  <testcase name="updateInexistentUser_thenInexistentUserError()" classname="main.UserServiceTest" time="0.001"/>
  <testcase name="registerNicknameAlreadyUsed_thenNicknameAlreadyUsedError()" classname="main.UserServiceTest" time="0.0"/>
  <testcase name="registerUser_thenUserIsSaved()" classname="main.UserServiceTest" time="0.0"/>
  <system-out><![CDATA[]]></system-out>
  <system-err><![CDATA[]]></system-err>
</testsuite>
